  biblioteca.cpp
c:\users\davi_\documents\github\controle-de-biblioteca\tp2\tp2\biblioteca.h(31): warning C4996: 'localtime': This function or variable may be unsafe. Consider using localtime_s instead. To disable deprecation, use _CRT_SECURE_NO_WARNINGS. See online help for details.
  c:\program files (x86)\windows kits\10\include\10.0.14393.0\ucrt\time.h(505): note: consulte a declaração de 'localtime'
c:\users\davi_\documents\github\controle-de-biblioteca\tp2\tp2\biblioteca.h(105): warning C4996: 'localtime': This function or variable may be unsafe. Consider using localtime_s instead. To disable deprecation, use _CRT_SECURE_NO_WARNINGS. See online help for details.
  c:\program files (x86)\windows kits\10\include\10.0.14393.0\ucrt\time.h(505): note: consulte a declaração de 'localtime'
c:\users\davi_\documents\github\controle-de-biblioteca\tp2\tp2\biblioteca.cpp(19): warning C4018: '<': incompatibilidade de signed/unsigned
c:\users\davi_\documents\github\controle-de-biblioteca\tp2\tp2\biblioteca.cpp(22): warning C4018: '<': incompatibilidade de signed/unsigned
c:\users\davi_\documents\github\controle-de-biblioteca\tp2\tp2\biblioteca.cpp(28): warning C4018: '<': incompatibilidade de signed/unsigned
c:\users\davi_\documents\github\controle-de-biblioteca\tp2\tp2\biblioteca.cpp(29): warning C4018: '<': incompatibilidade de signed/unsigned
c:\users\davi_\documents\github\controle-de-biblioteca\tp2\tp2\biblioteca.cpp(32): warning C4018: '<': incompatibilidade de signed/unsigned
c:\users\davi_\documents\github\controle-de-biblioteca\tp2\tp2\biblioteca.cpp(38): warning C4018: '<': incompatibilidade de signed/unsigned
c:\users\davi_\documents\github\controle-de-biblioteca\tp2\tp2\biblioteca.cpp(45): warning C4018: '<': incompatibilidade de signed/unsigned
c:\users\davi_\documents\github\controle-de-biblioteca\tp2\tp2\biblioteca.cpp(55): warning C4018: '<': incompatibilidade de signed/unsigned
c:\users\davi_\documents\github\controle-de-biblioteca\tp2\tp2\biblioteca.cpp(91): warning C4018: '<': incompatibilidade de signed/unsigned
c:\users\davi_\documents\github\controle-de-biblioteca\tp2\tp2\biblioteca.cpp(102): warning C4018: '<': incompatibilidade de signed/unsigned
c:\users\davi_\documents\github\controle-de-biblioteca\tp2\tp2\biblioteca.cpp(110): warning C4244: 'inicializando': conversão de 'double' para 'int', possível perda de dados
c:\users\davi_\documents\github\controle-de-biblioteca\tp2\tp2\biblioteca.cpp(101): warning C4996: 'localtime': This function or variable may be unsafe. Consider using localtime_s instead. To disable deprecation, use _CRT_SECURE_NO_WARNINGS. See online help for details.
  c:\program files (x86)\windows kits\10\include\10.0.14393.0\ucrt\time.h(505): note: consulte a declaração de 'localtime'
c:\users\davi_\documents\github\controle-de-biblioteca\tp2\tp2\biblioteca.cpp(118): warning C4018: '<': incompatibilidade de signed/unsigned
  tp2.vcxproj -> C:\Users\davi_\Documents\GitHub\Controle-de-Biblioteca\tp2\Debug\tp2.exe
  tp2.vcxproj -> C:\Users\davi_\Documents\GitHub\Controle-de-Biblioteca\tp2\Debug\tp2.pdb (Partial PDB)
